<?xml version="1.0" encoding="UTF-8"?>
<!-- Generated by org.testng.reporters.JUnitXMLReporter -->
<testsuite ignored="0" hostname="LAPTOP-HH7IGSDH" failures="0" tests="4" name="crossbrowsertest" time="9.942" errors="0" timestamp="16 Dec 2021 06:26:53 GMT">
  <testcase classname="parameterisationPVN.CrossBrowserTest" name="launchbrowser" time="8.244"/>
  <testcase classname="parameterisationPVN.CrossBrowserTest" name="verifytitle" time="0.016"/>
  <testcase classname="parameterisationPVN.CrossBrowserTest" name="registration" time="0.001"/>
  <testcase classname="parameterisationPVN.CrossBrowserTest" name="closebrowser" time="1.649"/>
</testsuite> <!-- crossbrowsertest -->
