<?xml version="1.0" encoding="UTF-8"?>
<!-- Generated by org.testng.reporters.JUnitXMLReporter -->
<testsuite ignored="0" hostname="LAPTOP-HH7IGSDH" failures="0" tests="4" name="firefoxtest" time="7.553" errors="0" timestamp="16 Dec 2021 06:31:34 GMT">
  <testcase classname="parameterisationPVN.CrossBrowserTest" name="launchbrowser" time="7.336"/>
  <testcase classname="parameterisationPVN.CrossBrowserTest" name="verifytitle" time="0.012"/>
  <testcase classname="parameterisationPVN.CrossBrowserTest" name="registration" time="0.001"/>
  <testcase classname="parameterisationPVN.CrossBrowserTest" name="closebrowser" time="0.174"/>
</testsuite> <!-- firefoxtest -->
