<?xml version="1.0" encoding="UTF-8"?>
<!-- Generated by org.testng.reporters.JUnitXMLReporter -->
<testsuite ignored="0" hostname="LAPTOP-HH7IGSDH" failures="0" tests="3" name="Test2" time="6.147" errors="0" timestamp="2022-01-07T13:29:02 PST">
  <testcase classname="revisePavan.CrossBrowserTest" name="launchbrowser" time="6.084"/>
  <testcase classname="revisePavan.CrossBrowserTest" name="m2" time="0.002"/>
  <testcase classname="revisePavan.CrossBrowserTest" name="m3" time="0.001"/>
</testsuite> <!-- Test2 -->
