<?xml version="1.0" encoding="UTF-8"?>
<!-- Generated by org.testng.reporters.JUnitXMLReporter -->
<testsuite ignored="0" hostname="LAPTOP-HH7IGSDH" failures="0" tests="3" name="Test1" time="9.137" errors="0" timestamp="2022-01-07T13:29:05 PST">
  <testcase classname="revisePavan.CrossBrowserTest" name="launchbrowser" time="9.08"/>
  <testcase classname="revisePavan.CrossBrowserTest" name="m2" time="0.002"/>
  <testcase classname="revisePavan.CrossBrowserTest" name="m3" time="0.002"/>
</testsuite> <!-- Test1 -->
