<?xml version="1.0" encoding="UTF-8"?>
<!-- Generated by org.testng.reporters.JUnitXMLReporter -->
<testsuite ignored="0" hostname="LAPTOP-HH7IGSDH" failures="1" tests="3" name="listenerTest" time="0.052" errors="0" timestamp="26 Dec 2021 21:56:07 GMT">
  <testcase classname="tesatNGListenersPVN.LoginTest" name="stup" time="0.015">
    <failure type="java.lang.AssertionError">
      <![CDATA[java.lang.AssertionError
at org.junit.Assert.fail(Assert.java:86)
at org.junit.Assert.assertTrue(Assert.java:41)
at org.junit.Assert.assertTrue(Assert.java:52)
at tesatNGListenersPVN.LoginTest.stup(LoginTest.java:13)
... Removed 25 stack frames]]>
    </failure>
  </testcase> <!-- stup -->
  <testcase classname="tesatNGListenersPVN.LoginTest" name="loginByEmail" time="0.001"/>
  <testcase classname="tesatNGListenersPVN.LoginTest" name="LoginByFacebook" time="0.0">
    <skipped/>
  </testcase> <!-- LoginByFacebook -->
</testsuite> <!-- listenerTest -->
