<?xml version="1.0" encoding="UTF-8"?>
<testng-results ignored="0" total="1" passed="1" failed="0" skipped="0">
  <reporter-output>
  </reporter-output>
  <suite started-at="2022-01-28T15:36:16 PST" name="Default suite" finished-at="2022-01-28T15:37:17 PST" duration-ms="61176">
    <groups>
    </groups>
    <test started-at="2022-01-28T15:36:16 PST" name="Default test" finished-at="2022-01-28T15:37:17 PST" duration-ms="61176">
      <class name="missionHumaneProject.CovidResources_Bengaluru">
        <test-method is-config="true" signature="setup()[pri:0, instance:missionHumaneProject.CovidResources_Bengaluru@6236eb5f]" started-at="2022-01-28T15:36:16 PST" name="setup" finished-at="2022-01-28T15:36:22 PST" duration-ms="5538" status="PASS">
          <reporter-output>
          </reporter-output>
        </test-method> <!-- setup -->
        <test-method signature="test01()[pri:0, instance:missionHumaneProject.CovidResources_Bengaluru@6236eb5f]" started-at="2022-01-28T15:36:22 PST" name="test01" finished-at="2022-01-28T15:37:17 PST" duration-ms="55604" status="PASS">
          <reporter-output>
          </reporter-output>
        </test-method> <!-- test01 -->
      </class> <!-- missionHumaneProject.CovidResources_Bengaluru -->
    </test> <!-- Default test -->
  </suite> <!-- Default suite -->
</testng-results>
